# JRE version: Java(TM) SE Runtime Environment (7.0_45-b18) (build 1.7.0_45-b18)
# Java VM: Java HotSpot(TM) Client VM (24.45-b08 mixed mode, sharing windows-x86 )
Heap
 def new generation   total 4928K, used 2737K [0x23ed0000, 0x24420000, 0x29420000)
  eden space 4416K,  55% used [0x23ed0000, 0x24130bb8, 0x24320000)
  from space 512K,  59% used [0x24320000, 0x2436b940, 0x243a0000)
  to   space 512K,   0% used [0x243a0000, 0x243a0000, 0x24420000)
 tenured generation   total 10944K, used 8614K [0x29420000, 0x29ed0000, 0x33ed0000)
   the space 10944K,  78% used [0x29420000, 0x29c898a8, 0x29c89a00, 0x29ed0000)
 compacting perm gen  total 12288K, used 1948K [0x33ed0000, 0x34ad0000, 0x37ed0000)
   the space 12288K,  15% used [0x33ed0000, 0x340b70a8, 0x340b7200, 0x34ad0000)
    ro space 10240K,  44% used [0x37ed0000, 0x38347808, 0x38347a00, 0x388d0000)
    rw space 12288K,  52% used [0x388d0000, 0x38f1e610, 0x38f1e800, 0x394d0000)
GC Heap History (8 events):
Event: 395.927 GC heap before
{Heap before GC invocations=0 (full 0):
 def new generation   total 4928K, used 3887K [0x23ed0000, 0x24420000, 0x29420000)
  eden space 4416K,  88% used [0x23ed0000, 0x2429bc00, 0x24320000)
  from space 512K,   0% used [0x24320000, 0x24320000, 0x243a0000)
  to   space 512K,   0% used [0x243a0000, 0x243a0000, 0x24420000)
 tenured generation   total 10944K, used 0K [0x29420000, 0x29ed0000, 0x33ed0000)
   the space 10944K,   0% used [0x29420000, 0x29420000, 0x29420200, 0x29ed0000)
 compacting perm gen  total 12288K, used 1561K [0x33ed0000, 0x34ad0000, 0x37ed0000)
   the space 12288K,  12% used [0x33ed0000, 0x34056680, 0x34056800, 0x34ad0000)
    ro space 10240K,  44% used [0x37ed0000, 0x38347808, 0x38347a00, 0x388d0000)
    rw space 12288K,  52% used [0x388d0000, 0x38f1e610, 0x38f1e800, 0x394d0000)
Event: 395.954 GC heap after
Heap after GC invocations=1 (full 0):
 def new generation   total 4928K, used 512K [0x23ed0000, 0x24420000, 0x29420000)
  eden space 4416K,   0% used [0x23ed0000, 0x23ed0000, 0x24320000)
  from space 512K, 100% used [0x243a0000, 0x24420000, 0x24420000)
  to   space 512K,   0% used [0x24320000, 0x24320000, 0x243a0000)
 tenured generation   total 10944K, used 657K [0x29420000, 0x29ed0000, 0x33ed0000)
   the space 10944K,   6% used [0x29420000, 0x294c44c8, 0x294c4600, 0x29ed0000)
 compacting perm gen  total 12288K, used 1561K [0x33ed0000, 0x34ad0000, 0x37ed0000)
   the space 12288K,  12% used [0x33ed0000, 0x34056680, 0x34056800, 0x34ad0000)
    ro space 10240K,  44% used [0x37ed0000, 0x38347808, 0x38347a00, 0x388d0000)
    rw space 12288K,  52% used [0x388d0000, 0x38f1e610, 0x38f1e800, 0x394d0000)
}
Event: 395.998 GC heap before
{Heap before GC invocations=1 (full 0):
 def new generation   total 4928K, used 4497K [0x23ed0000, 0x24420000, 0x29420000)
  eden space 4416K,  90% used [0x23ed0000, 0x242b45f8, 0x24320000)
  from space 512K, 100% used [0x243a0000, 0x24420000, 0x24420000)
  to   space 512K,   0% used [0x24320000, 0x24320000, 0x243a0000)
 tenured generation   total 10944K, used 657K [0x29420000, 0x29ed0000, 0x33ed0000)
   the space 10944K,   6% used [0x29420000, 0x294c44c8, 0x294c4600, 0x29ed0000)
 compacting perm gen  total 12288K, used 1569K [0x33ed0000, 0x34ad0000, 0x37ed0000)
   the space 12288K,  12% used [0x33ed0000, 0x34058560, 0x34058600, 0x34ad0000)
    ro space 10240K,  44% used [0x37ed0000, 0x38347808, 0x38347a00, 0x388d0000)
    rw space 12288K,  52% used [0x388d0000, 0x38f1e610, 0x38f1e800, 0x394d0000)
Event: 396.008 GC heap after
Heap after GC invocations=2 (full 0):
 def new generation   total 4928K, used 11K [0x23ed0000, 0x24420000, 0x29420000)
  eden space 4416K,   0% used [0x23ed0000, 0x23ed0000, 0x24320000)
  from space 512K,   2% used [0x24320000, 0x24322fc8, 0x243a0000)
  to   space 512K,   0% used [0x243a0000, 0x243a0000, 0x24420000)
 tenured generation   total 10944K, used 4852K [0x29420000, 0x29ed0000, 0x33ed0000)
   the space 10944K,  44% used [0x29420000, 0x298dd140, 0x298dd200, 0x29ed0000)
 compacting perm gen  total 12288K, used 1569K [0x33ed0000, 0x34ad0000, 0x37ed0000)
   the space 12288K,  12% used [0x33ed0000, 0x34058560, 0x34058600, 0x34ad0000)
    ro space 10240K,  44% used [0x37ed0000, 0x38347808, 0x38347a00, 0x388d0000)
    rw space 12288K,  52% used [0x388d0000, 0x38f1e610, 0x38f1e800, 0x394d0000)
}
Event: 404.023 GC heap before
{Heap before GC invocations=2 (full 0):
 def new generation   total 4928K, used 4427K [0x23ed0000, 0x24420000, 0x29420000)
  eden space 4416K, 100% used [0x23ed0000, 0x24320000, 0x24320000)
  from space 512K,   2% used [0x24320000, 0x24322fc8, 0x243a0000)
  to   space 512K,   0% used [0x243a0000, 0x243a0000, 0x24420000)
 tenured generation   total 10944K, used 4852K [0x29420000, 0x29ed0000, 0x33ed0000)
   the space 10944K,  44% used [0x29420000, 0x298dd140, 0x298dd200, 0x29ed0000)
 compacting perm gen  total 12288K, used 1699K [0x33ed0000, 0x34ad0000, 0x37ed0000)
   the space 12288K,  13% used [0x33ed0000, 0x34078f68, 0x34079000, 0x34ad0000)
    ro space 10240K,  44% used [0x37ed0000, 0x38347808, 0x38347a00, 0x388d0000)
    rw space 12288K,  52% used [0x388d0000, 0x38f1e610, 0x38f1e800, 0x394d0000)
Event: 404.035 GC heap after
Heap after GC invocations=3 (full 0):
 def new generation   total 4928K, used 63K [0x23ed0000, 0x24420000, 0x29420000)
  eden space 4416K,   0% used [0x23ed0000, 0x23ed0000, 0x24320000)
  from space 512K,  12% used [0x243a0000, 0x243afea0, 0x24420000)
  to   space 512K,   0% used [0x24320000, 0x24320000, 0x243a0000)
 tenured generation   total 10944K, used 8614K [0x29420000, 0x29ed0000, 0x33ed0000)
   the space 10944K,  78% used [0x29420000, 0x29c898a8, 0x29c89a00, 0x29ed0000)
 compacting perm gen  total 12288K, used 1699K [0x33ed0000, 0x34ad0000, 0x37ed0000)
   the space 12288K,  13% used [0x33ed0000, 0x34078f68, 0x34079000, 0x34ad0000)
    ro space 10240K,  44% used [0x37ed0000, 0x38347808, 0x38347a00, 0x388d0000)
    rw space 12288K,  52% used [0x388d0000, 0x38f1e610, 0x38f1e800, 0x394d0000)
}
Event: 475.052 GC heap before
{Heap before GC invocations=3 (full 0):
 def new generation   total 4928K, used 4479K [0x23ed0000, 0x24420000, 0x29420000)
  eden space 4416K, 100% used [0x23ed0000, 0x24320000, 0x24320000)
  from space 512K,  12% used [0x243a0000, 0x243afea0, 0x24420000)
  to   space 512K,   0% used [0x24320000, 0x24320000, 0x243a0000)
 tenured generation   total 10944K, used 8614K [0x29420000, 0x29ed0000, 0x33ed0000)
   the space 10944K,  78% used [0x29420000, 0x29c898a8, 0x29c89a00, 0x29ed0000)
 compacting perm gen  total 12288K, used 1940K [0x33ed0000, 0x34ad0000, 0x37ed0000)
   the space 12288K,  15% used [0x33ed0000, 0x340b52a0, 0x340b5400, 0x34ad0000)
    ro space 10240K,  44% used [0x37ed0000, 0x38347808, 0x38347a00, 0x388d0000)
    rw space 12288K,  52% used [0x388d0000, 0x38f1e610, 0x38f1e800, 0x394d0000)
Event: 475.058 GC heap after
Heap after GC invocations=4 (full 0):
 def new generation   total 4928K, used 302K [0x23ed0000, 0x24420000, 0x29420000)
  eden space 4416K,   0% used [0x23ed0000, 0x23ed0000, 0x24320000)
  from space 512K,  59% used [0x24320000, 0x2436b940, 0x243a0000)
  to   space 512K,   0% used [0x243a0000, 0x243a0000, 0x24420000)
 tenured generation   total 10944K, used 8614K [0x29420000, 0x29ed0000, 0x33ed0000)
   the space 10944K,  78% used [0x29420000, 0x29c898a8, 0x29c89a00, 0x29ed0000)
 compacting perm gen  total 12288K, used 1940K [0x33ed0000, 0x34ad0000, 0x37ed0000)
   the space 12288K,  15% used [0x33ed0000, 0x340b52a0, 0x340b5400, 0x34ad0000)
    ro space 10240K,  44% used [0x37ed0000, 0x38347808, 0x38347a00, 0x388d0000)
    rw space 12288K,  52% used [0x388d0000, 0x38f1e610, 0x38f1e800, 0x394d0000)
}

